* using log directory ‘/biodata/dep_psl/grp_rgo/guan/Rpackage_Mina/MINA/mina.Rcheck’
* using R version 4.0.0 (2020-04-24)
* using platform: x86_64-pc-linux-gnu (64-bit)
* using session charset: UTF-8
* checking for file ‘mina/DESCRIPTION’ ... OK
* this is package ‘mina’ version ‘0.99.0’
* package encoding: UTF-8
* checking package namespace information ... OK
* checking package dependencies ... OK
* checking if this is a source package ... OK
* checking if there is a namespace ... OK
* checking for executable files ... OK
* checking for hidden files and directories ... OK
* checking for portable file names ... OK
* checking for sufficient/correct file permissions ... OK
* checking whether package ‘mina’ can be installed ... OK
* checking installed package size ... NOTE
  installed size is  8.8Mb
  sub-directories of 1Mb or more:
    data   7.4Mb
    libs   1.1Mb
* checking package directory ... OK
* checking DESCRIPTION meta-information ... OK
* checking top-level files ... OK
* checking for left-over files ... OK
* checking index information ... OK
* checking package subdirectories ... OK
* checking R files for non-ASCII characters ... OK
* checking R files for syntax errors ... OK
* checking whether the package can be loaded ... OK
* checking whether the package can be loaded with stated dependencies ... OK
* checking whether the package can be unloaded cleanly ... OK
* checking whether the namespace can be loaded with stated dependencies ... OK
* checking whether the namespace can be unloaded cleanly ... OK
* checking loading without being on the library search path ... OK
* checking dependencies in R code ... OK
* checking S3 generic/method consistency ... OK
* checking replacement functions ... OK
* checking foreign function calls ... OK
* checking R code for possible problems ... NOTE
sparcc: no visible binding for global variable ‘i’
net_dis_indi,character-character: no visible binding for global
  variable ‘out_dir’
Undefined global functions or variables:
  i out_dir
* checking Rd files ... OK
* checking Rd metadata ... OK
* checking Rd cross-references ... OK
* checking for missing documentation entries ... OK
* checking for code/documentation mismatches ... OK
* checking Rd \usage sections ... OK
* checking Rd contents ... OK
* checking for unstated dependencies in examples ... OK
* checking contents of ‘data’ directory ... OK
* checking data for non-ASCII characters ... OK
* checking data for ASCII and uncompressed saves ... OK
* checking line endings in C/C++/Fortran sources/headers ... OK
* checking compiled code ... OK
* checking files in ‘vignettes’ ... WARNING
Files in the 'vignettes' directory but no files in 'inst/doc':
  ‘mina.Rmd’
* checking examples ... OK
* checking for unstated dependencies in vignettes ... OK
* checking package vignettes in ‘inst/doc’ ... WARNING
dir.exists(dir) is not TRUE
Package vignette without corresponding single PDF/HTML:
   ‘mina.Rmd’

* checking running R code from vignettes ... NONE
  ‘mina.Rmd’ using ‘UTF-8’... OK
* checking re-building of vignette outputs ... WARNING
Error(s) in re-building vignettes:
  ...
--- re-building ‘mina.Rmd’ using rmarkdown
Warning in engine$weave(file, quiet = quiet, encoding = enc) :
  Pandoc (>= 1.12.3) and/or pandoc-citeproc not available. Falling back to R Markdown v1.
Warning in grDevices::png(f) :
  unable to open connection to X11 display ''
Quitting from lines 52-53 (mina.Rmd) 
Error: processing vignette 'mina.Rmd' failed with diagnostics:
"mina" is not a defined class
--- failed re-building ‘mina.Rmd’

SUMMARY: processing the following file failed:
  ‘mina.Rmd’

Error: Vignette re-building failed.
Execution halted

* checking PDF version of manual ... WARNING
LaTeX errors when creating PDF version.
This typically indicates Rd problems.
LaTeX errors found:
! Font T1/cmr/m/n/10=ecrm1000 at 10.0pt not loadable: Metric (TFM) file not fou
nd.
<to be read again> 
                   relax 
l.105 \fontencoding\encodingdefault\selectfont
! LaTeX Error: File `xkeyval.sty' not found.

Type X to quit or <RETURN> to proceed,
or enter new name. (Default extension: sty)

! Emergency stop.
<read *> 
         
l.13 ^^M
        
!  ==> Fatal error occurred, no output PDF file produced!
* checking PDF version of manual without hyperrefs or index ... ERROR
* DONE
Status: 1 ERROR, 4 WARNINGs, 2 NOTEs
