* installing *source* package ‘mina’ ...
** using staged installation
** libs
g++ -std=gnu++11 -I"/home/guan/.linuxbrew/Cellar/r/R-4.0.0/include" -DNDEBUG  -I'/home/guan/.linuxbrew/Cellar/r/R-4.0.0/library/Rcpp/include' -I'/home/guan/.linuxbrew/Cellar/r/R-4.0.0/library/RcppParallel/include' -I'/home/guan/.linuxbrew/Cellar/r/R-4.0.0/library/RcppArmadillo/include' -I/usr/local/include   -fpic  -g -O2  -c RcppExports.cpp -o RcppExports.o
g++ -std=gnu++11 -I"/home/guan/.linuxbrew/Cellar/r/R-4.0.0/include" -DNDEBUG  -I'/home/guan/.linuxbrew/Cellar/r/R-4.0.0/library/Rcpp/include' -I'/home/guan/.linuxbrew/Cellar/r/R-4.0.0/library/RcppParallel/include' -I'/home/guan/.linuxbrew/Cellar/r/R-4.0.0/library/RcppArmadillo/include' -I/usr/local/include   -fpic  -g -O2  -c cp_cor.cpp -o cp_cor.o
g++ -std=gnu++11 -shared -L/usr/local/lib -o mina.so RcppExports.o cp_cor.o
installing to /biodata/dep_psl/grp_rgo/guan/Rpackage_Mina/MINA/mina.Rcheck/00LOCK-mina/00new/mina/libs
** R
** data
*** moving datasets to lazyload DB
** byte-compile and prepare package for lazy loading
** help
*** installing help indices
** building package indices
** installing vignettes
** testing if installed package can be loaded from temporary location
** checking absolute paths in shared objects and dynamic libraries
** testing if installed package can be loaded from final location
** testing if installed package keeps a record of temporary installation path
* DONE (mina)
